<?xml version="1.0" encoding="UTF-8"?>
<!-- Generated by org.testng.reporters.JUnitXMLReporter -->
<testsuite ignored="1" hostname="DESKTOP-VTA950V" failures="0" tests="1" name="Test" time="13.739" errors="0" timestamp="2023-10-25T14:02:19 BST">
  <testcase classname="MavenProjectFramework.tests.ErrorValidation" name="productError" time="3.654"/>
  <testcase classname="MavenProjectFramework.tests.ErrorValidation" name="LoginError1" time="0.0">
    <ignored/>
  </testcase> <!-- LoginError1 -->
</testsuite> <!-- Test -->
