<?xml version="1.0" encoding="UTF-8"?>
<testng-results ignored="0" total="2" passed="2" failed="0" skipped="0">
  <reporter-output>
  </reporter-output>
  <suite started-at="2023-10-27T09:14:30 BST" name="Default suite" finished-at="2023-10-27T09:14:51 BST" duration-ms="20630">
    <groups>
      <group name="cucumber">
        <method signature="AbstractTestNGCucumberTests.runScenario(io.cucumber.testng.PickleWrapper,io.cucumber.testng.FeatureWrapper)[pri:0, instance:CucumberFramework.TestRunn@609e8838]" name="runScenario" class="io.cucumber.testng.AbstractTestNGCucumberTests"/>
      </group> <!-- cucumber -->
    </groups>
    <test started-at="2023-10-27T09:14:30 BST" name="Default test" finished-at="2023-10-27T09:14:51 BST" duration-ms="20630">
      <class name="CucumberFramework.TestRunn">
        <test-method is-config="true" signature="setUpClass(org.testng.ITestContext)[pri:0, instance:CucumberFramework.TestRunn@609e8838]" started-at="2023-10-27T09:14:30 BST" name="setUpClass" finished-at="2023-10-27T09:14:30 BST" duration-ms="482" status="PASS">
          <params>
            <param index="0">
              <value>
                <![CDATA[org.testng.TestRunner@47248a48]]>
              </value>
            </param>
          </params>
          <reporter-output>
          </reporter-output>
        </test-method> <!-- setUpClass -->
        <test-method signature="runScenario(io.cucumber.testng.PickleWrapper,io.cucumber.testng.FeatureWrapper)[pri:0, instance:CucumberFramework.TestRunn@609e8838]" started-at="2023-10-27T09:14:30 BST" name="runScenario" description="Runs Cucumber Scenarios" data-provider="scenarios" finished-at="2023-10-27T09:14:40 BST" duration-ms="9229" status="PASS">
          <params>
            <param index="0">
              <value>
                <![CDATA["Login error"]]>
              </value>
            </param>
            <param index="1">
              <value>
                <![CDATA["Error Validation"]]>
              </value>
            </param>
          </params>
          <reporter-output>
          </reporter-output>
        </test-method> <!-- runScenario -->
        <test-method signature="runScenario(io.cucumber.testng.PickleWrapper,io.cucumber.testng.FeatureWrapper)[pri:0, instance:CucumberFramework.TestRunn@609e8838]" started-at="2023-10-27T09:14:40 BST" name="runScenario" description="Runs Cucumber Scenarios" data-provider="scenarios" finished-at="2023-10-27T09:14:50 BST" duration-ms="10818" status="PASS">
          <params>
            <param index="0">
              <value>
                <![CDATA["Product error"]]>
              </value>
            </param>
            <param index="1">
              <value>
                <![CDATA["Error Validation"]]>
              </value>
            </param>
          </params>
          <reporter-output>
          </reporter-output>
        </test-method> <!-- runScenario -->
        <test-method is-config="true" signature="tearDownClass()[pri:0, instance:CucumberFramework.TestRunn@609e8838]" started-at="2023-10-27T09:14:50 BST" name="tearDownClass" finished-at="2023-10-27T09:14:51 BST" duration-ms="54" status="PASS">
          <reporter-output>
          </reporter-output>
        </test-method> <!-- tearDownClass -->
      </class> <!-- CucumberFramework.TestRunn -->
    </test> <!-- Default test -->
  </suite> <!-- Default suite -->
</testng-results>
